2023-08-06 01:12:03.194359 - Initialized conversion of CBT118
2023-08-06 01:12:03.536841 - Received CBT.V505.FILE118.PDS from FILE118.XMI 
2023-08-06 01:12:03.539361 - Found $$$#DATE.txt (text/plain) in CBT.V505.FILE118.PDS, moved to PDS/$$$#DATE
2023-08-06 01:12:03.540543 - Found $$$COB2.txt (text/plain) in CBT.V505.FILE118.PDS, moved to PDS/$$$COB2
2023-08-06 01:12:03.541601 - Found $$$GCRAY.txt (text/plain) in CBT.V505.FILE118.PDS, moved to PDS/$$$GCRAY
2023-08-06 01:12:03.542561 - Found $$$JLAWS.txt (text/plain) in CBT.V505.FILE118.PDS, moved to PDS/$$$JLAWS
2023-08-06 01:12:03.543449 - Found $$DOC.txt (text/plain) in CBT.V505.FILE118.PDS, moved to PDS/$$DOC
2023-08-06 01:12:03.544448 - Found $$NEWASM.txt (text/plain) in CBT.V505.FILE118.PDS, moved to PDS/$$NEWASM
2023-08-06 01:12:03.545366 - Found $$NOTE01.txt (text/plain) in CBT.V505.FILE118.PDS, moved to PDS/$$NOTE01
2023-08-06 01:12:03.546369 - Found $OLDDOC.txt (text/plain) in CBT.V505.FILE118.PDS, moved to PDS/$OLDDOC
2023-08-06 01:12:03.547331 - Found $PUTXDOC.txt (text/plain) in CBT.V505.FILE118.PDS, moved to PDS/$PUTXDOC
2023-08-06 01:12:03.548197 - Found $TITLES.txt (text/plain) in CBT.V505.FILE118.PDS, moved to PDS/$TITLES
2023-08-06 01:12:03.549074 - Found @FILE118.txt (text/plain) in CBT.V505.FILE118.PDS, moved to PDS/@FILE118
2023-08-06 01:12:03.550084 - Found ASMLK100.jcl (text/plain) in CBT.V505.FILE118.PDS, moved to PDS/ASMLK100
2023-08-06 01:12:03.551008 - Found ASMLK98.jcl (text/plain) in CBT.V505.FILE118.PDS, moved to PDS/ASMLK98
2023-08-06 01:12:03.551866 - Found ASMLK99.jcl (text/plain) in CBT.V505.FILE118.PDS, moved to PDS/ASMLK99
2023-08-06 01:12:03.552772 - Found GIMEXPS0.jcl (text/plain) in CBT.V505.FILE118.PDS, moved to PDS/GIMEXPS0
2023-08-06 01:12:03.553622 - Found GIMEXP00.jcl (text/plain) in CBT.V505.FILE118.PDS, moved to PDS/GIMEXP00
2023-08-06 01:12:03.554649 - Found IGYWCL1.jcl (text/plain) in CBT.V505.FILE118.PDS, moved to PDS/IGYWCL1
2023-08-06 01:12:03.555624 - Found IGYWCL2.jcl (text/plain) in CBT.V505.FILE118.PDS, moved to PDS/IGYWCL2
2023-08-06 01:12:03.556604 - Found IGYWCL3.jcl (text/plain) in CBT.V505.FILE118.PDS, moved to PDS/IGYWCL3
2023-08-06 01:12:03.557538 - Found JCLFMIDS.jcl (text/plain) in CBT.V505.FILE118.PDS, moved to PDS/JCLFMIDS
2023-08-06 01:12:03.558423 - Found JCL0.txt (text/plain) in CBT.V505.FILE118.PDS, moved to PDS/JCL0
2023-08-06 01:12:03.559418 - Found JCL1.jcl (text/plain) in CBT.V505.FILE118.PDS, moved to PDS/JCL1
2023-08-06 01:12:03.560344 - Found JCL2.jcl (text/plain) in CBT.V505.FILE118.PDS, moved to PDS/JCL2
2023-08-06 01:12:03.561202 - Found JCL3.jcl (text/plain) in CBT.V505.FILE118.PDS, moved to PDS/JCL3
2023-08-06 01:12:03.562365 - Found OFILE118.txt (text/plain) in CBT.V505.FILE118.PDS, moved to PDS/OFILE118
2023-08-06 01:12:03.563280 - Found PTFSXREF.txt (text/plain) in CBT.V505.FILE118.PDS, moved to PDS/PTFSXREF
2023-08-06 01:12:03.564181 - Found PUTXREF.txt (text/plain) in CBT.V505.FILE118.PDS, moved to PDS/PUTXREF
2023-08-06 01:12:03.565029 - Found PUTXREF#.jcl (text/plain) in CBT.V505.FILE118.PDS, moved to PDS/PUTXREF#
2023-08-06 01:12:03.565985 - Found PUTXREFO.txt (text/plain) in CBT.V505.FILE118.PDS, moved to PDS/PUTXREFO
2023-08-06 01:12:03.566871 - Found PUTXREFV.txt (text/plain) in CBT.V505.FILE118.PDS, moved to PDS/PUTXREFV
2023-08-06 01:12:03.567701 - Found SAMPLE.txt (text/plain) in CBT.V505.FILE118.PDS, moved to PDS/SAMPLE
2023-08-06 01:12:03.568520 - Found SMPASUPD.txt (text/plain) in CBT.V505.FILE118.PDS, moved to PDS/SMPASUPD
2023-08-06 01:12:03.569370 - Found SMPFMUPD.txt (text/plain) in CBT.V505.FILE118.PDS, moved to PDS/SMPFMUPD
2023-08-06 01:12:03.570404 - Found SMPFMUPV.txt (text/plain) in CBT.V505.FILE118.PDS, moved to PDS/SMPFMUPV
2023-08-06 01:12:03.571407 - Found SMPFMU2D.txt (text/plain) in CBT.V505.FILE118.PDS, moved to PDS/SMPFMU2D
2023-08-06 01:12:03.572267 - Found SMPFMU2V.txt (text/plain) in CBT.V505.FILE118.PDS, moved to PDS/SMPFMU2V
2023-08-06 01:12:03.573153 - Found SMPUPD.txt (text/plain) in CBT.V505.FILE118.PDS, moved to PDS/SMPUPD
2023-08-06 01:12:03.574164 - Found SMPUPDCB.txt (text/plain) in CBT.V505.FILE118.PDS, moved to PDS/SMPUPDCB
2023-08-06 01:12:03.575066 - Found SMPUPDJ.jcl (text/plain) in CBT.V505.FILE118.PDS, moved to PDS/SMPUPDJ
2023-08-06 01:12:03.575898 - Found SMPUPDO.txt (text/plain) in CBT.V505.FILE118.PDS, moved to PDS/SMPUPDO
2023-08-06 01:12:03.576823 - Found SMPUPD2O.txt (text/plain) in CBT.V505.FILE118.PDS, moved to PDS/SMPUPD2O
2023-08-06 01:12:03.577709 - Found TITLES.txt (text/plain) in CBT.V505.FILE118.PDS, moved to PDS/TITLES
